<?xml version="1.0" encoding="UTF-8"?>
<!-- Generated by org.testng.reporters.JUnitReportReporter -->
<testsuite hostname="DESKTOP-TIVA8EK" failures="0" tests="1" name="loneCreates.ValidLoginTest" time="0.008" errors="0" timestamp="2024-05-02T22:57:12 PKT" skipped="0">
  <testcase classname="loneCreates.ValidLoginTest" name="validLogin" time="0.008"/>
</testsuite> <!-- loneCreates.ValidLoginTest -->
