<?xml version="1.0" encoding="UTF-8"?>
<!-- Generated by org.testng.reporters.JUnitReportReporter -->
<testsuite hostname="DESKTOP-TIVA8EK" failures="0" tests="2" name="loneCreates.ItemsTest" time="0.013" errors="0" timestamp="2024-05-03T00:20:34 PKT" skipped="0">
  <testcase classname="loneCreates.ItemsTest" name="Addnewitemtest" time="0.008"/>
  <testcase classname="loneCreates.ItemsTest" name="ItemExists" time="0.005"/>
</testsuite> <!-- loneCreates.ItemsTest -->
