<?xml version="1.0" encoding="UTF-8"?>
<!-- Generated by org.testng.reporters.JUnitReportReporter -->
<testsuite hostname="DESKTOP-TIVA8EK" failures="0" tests="2" name="loneCreates.ItemsTest" time="0.001" errors="0" timestamp="2024-05-02T23:00:26 PKT" skipped="0">
  <testcase classname="loneCreates.ItemsTest" name="Addnewitemtest" time="0.001"/>
  <testcase classname="loneCreates.ItemsTest" name="ItemExists" time="0.000"/>
</testsuite> <!-- loneCreates.ItemsTest -->
