<?xml version="1.0" encoding="UTF-8"?>
<!-- Generated by org.testng.reporters.JUnitReportReporter -->
<testsuite hostname="DESKTOP-TIVA8EK" failures="0" tests="1" name="loneCreates.InvalidLoginTest" time="0.001" errors="0" timestamp="2024-05-02T23:00:26 PKT" skipped="0">
  <testcase classname="loneCreates.InvalidLoginTest" name="InvalidLogin" time="0.001"/>
</testsuite> <!-- loneCreates.InvalidLoginTest -->
